{"message":"::1 - - [09/Dec/2020:22:42:54 +0000] \"GET /tuss/55555 HTTP/1.1\" 404 28\n","level":"info","service":"user-service"}
{"message":"::1 - - [09/Dec/2020:22:48:37 +0000] \"GET /doc HTTP/1.1\" 404 219\n","level":"info","service":"user-service"}
{"message":"::ffff:127.0.0.1 - - [09/Dec/2020:22:49:15 +0000] \"GET /tuss/87000016 HTTP/1.1\" 200 173\n","level":"info","service":"user-service"}
{"message":"::ffff:127.0.0.1 - - [09/Dec/2020:22:49:15 +0000] \"GET /favicon.ico HTTP/1.1\" 404 150\n","level":"info","service":"user-service"}
{"message":"::1 - - [09/Dec/2020:22:50:41 +0000] \"GET /tuss/87000016 HTTP/1.1\" 304 -\n","level":"info","service":"user-service"}
{"message":"::1 - - [09/Dec/2020:22:51:04 +0000] \"GET /tuss/87000016 HTTP/1.1\" 200 173\n","level":"info","service":"user-service"}
{"message":"::1 - - [09/Dec/2020:22:51:04 +0000] \"GET /favicon.ico HTTP/1.1\" 404 150\n","level":"info","service":"user-service"}
{"message":"::1 - - [09/Dec/2020:22:52:33 +0000] \"GET /tuss/87000016 HTTP/1.1\" 304 -\n","level":"info","service":"user-service"}
{"message":"::1 - - [09/Dec/2020:23:00:36 +0000] \"GET /30501407 HTTP/1.1\" 404 147\n","level":"info","service":"user-service"}
{"message":"::1 - - [09/Dec/2020:23:00:47 +0000] \"GET /tuss/30501407 HTTP/1.1\" 200 106\n","level":"info","service":"user-service"}
{"message":"::1 - - [09/Dec/2020:23:00:53 +0000] \"GET /tuss/3050140 HTTP/1.1\" 404 28\n","level":"info","service":"user-service"}
{"message":"::1 - - [09/Dec/2020:23:01:06 +0000] \"GET /tuss/30501407 HTTP/1.1\" 304 -\n","level":"info","service":"user-service"}
{"message":"::1 - - [09/Dec/2020:23:03:26 +0000] \"GET /tuss/30501408 HTTP/1.1\" 404 41\n","level":"info","service":"user-service"}
{"message":"::1 - - [09/Dec/2020:23:03:31 +0000] \"GET /tuss/30501407 HTTP/1.1\" 304 -\n","level":"info","service":"user-service"}
{"message":"::1 - - [09/Dec/2020:23:07:56 +0000] \"GET /doc HTTP/1.1\" 404 219\n","level":"info","service":"user-service"}
{"message":"::1 - - [09/Dec/2020:23:07:59 +0000] \"GET /docs/ HTTP/1.1\" 404 144\n","level":"info","service":"user-service"}
{"message":"::1 - - [09/Dec/2020:23:08:02 +0000] \"GET /doc HTTP/1.1\" 404 219\n","level":"info","service":"user-service"}
{"message":"::1 - - [09/Dec/2020:23:09:00 +0000] \"GET /doc HTTP/1.1\" 404 219\n","level":"info","service":"user-service"}
{"message":"::1 - - [09/Dec/2020:23:09:01 +0000] \"GET /doc HTTP/1.1\" 404 219\n","level":"info","service":"user-service"}
{"message":"::1 - - [09/Dec/2020:23:09:02 +0000] \"GET /doc HTTP/1.1\" 404 219\n","level":"info","service":"user-service"}
{"message":"::1 - - [09/Dec/2020:23:09:02 +0000] \"GET /doc HTTP/1.1\" 404 219\n","level":"info","service":"user-service"}
{"message":"::1 - - [09/Dec/2020:23:09:02 +0000] \"GET /doc HTTP/1.1\" 404 219\n","level":"info","service":"user-service"}
{"message":"::1 - - [09/Dec/2020:23:09:02 +0000] \"GET /doc HTTP/1.1\" 404 219\n","level":"info","service":"user-service"}
{"message":"::1 - - [09/Dec/2020:23:09:03 +0000] \"GET /doc HTTP/1.1\" 404 219\n","level":"info","service":"user-service"}
{"message":"::1 - - [09/Dec/2020:23:09:13 +0000] \"GET /doc HTTP/1.1\" 200 -\n","level":"info","service":"user-service"}
{"message":"::1 - - [09/Dec/2020:23:09:29 +0000] \"GET /docs/ HTTP/1.1\" 200 -\n","level":"info","service":"user-service"}
{"message":"::1 - - [09/Dec/2020:23:38:12 +0000] \"GET /docs/ HTTP/1.1\" 200 -\n","level":"info","service":"user-service"}
{"message":"::1 - - [09/Dec/2020:23:38:12 +0000] \"GET /favicon.ico HTTP/1.1\" 404 150\n","level":"info","service":"user-service"}
{"message":"::1 - - [09/Dec/2020:23:40:28 +0000] \"GET /docs/ HTTP/1.1\" 200 -\n","level":"info","service":"user-service"}
{"message":"::1 - - [09/Dec/2020:23:42:25 +0000] \"GET /docs/ HTTP/1.1\" 200 -\n","level":"info","service":"user-service"}
{"message":"::1 - - [09/Dec/2020:23:42:28 +0000] \"GET /docs/ HTTP/1.1\" 304 -\n","level":"info","service":"user-service"}
{"message":"::1 - - [09/Dec/2020:23:42:29 +0000] \"GET /docs/ HTTP/1.1\" 200 -\n","level":"info","service":"user-service"}
{"message":"::1 - - [09/Dec/2020:23:42:30 +0000] \"GET /favicon.ico HTTP/1.1\" 404 150\n","level":"info","service":"user-service"}
{"message":"::1 - - [09/Dec/2020:23:43:20 +0000] \"GET /docs/ HTTP/1.1\" 200 -\n","level":"info","service":"user-service"}
{"message":"::1 - - [09/Dec/2020:23:44:14 +0000] \"GET /doc HTTP/1.1\" 404 142\n","level":"info","service":"user-service"}
{"message":"::1 - - [09/Dec/2020:23:44:17 +0000] \"GET /docs/ HTTP/1.1\" 200 -\n","level":"info","service":"user-service"}
{"message":"::1 - - [09/Dec/2020:23:46:19 +0000] \"GET / HTTP/1.1\" 404 139\n","level":"info","service":"user-service"}
{"message":"::1 - - [09/Dec/2020:23:46:23 +0000] \"GET /docs/ HTTP/1.1\" 200 -\n","level":"info","service":"user-service"}
{"message":"::1 - - [09/Dec/2020:23:46:26 +0000] \"GET /docs HTTP/1.1\" 200 -\n","level":"info","service":"user-service"}
{"message":"::1 - - [09/Dec/2020:23:48:09 +0000] \"GET /docs/ HTTP/1.1\" 500 -\n","level":"info","service":"user-service"}
{"message":"::1 - - [09/Dec/2020:23:49:40 +0000] \"GET /docs/ HTTP/1.1\" 500 -\n","level":"info","service":"user-service"}
{"message":"::1 - - [09/Dec/2020:23:49:42 +0000] \"GET /docs/ HTTP/1.1\" 500 -\n","level":"info","service":"user-service"}
{"message":"::1 - - [09/Dec/2020:23:55:49 +0000] \"GET /docs/ HTTP/1.1\" 500 -\n","level":"info","service":"user-service"}
{"message":"::1 - - [09/Dec/2020:23:55:51 +0000] \"GET /docs/ HTTP/1.1\" 500 -\n","level":"info","service":"user-service"}
{"message":"::1 - - [09/Dec/2020:23:56:05 +0000] \"GET /docs/ HTTP/1.1\" 500 -\n","level":"info","service":"user-service"}
{"message":"::1 - - [09/Dec/2020:23:56:07 +0000] \"GET /docs/ HTTP/1.1\" 500 -\n","level":"info","service":"user-service"}
{"message":"::1 - - [09/Dec/2020:23:56:28 +0000] \"GET /docs/ HTTP/1.1\" 500 -\n","level":"info","service":"user-service"}
{"message":"::1 - - [09/Dec/2020:23:56:43 +0000] \"GET /docs/ HTTP/1.1\" 500 -\n","level":"info","service":"user-service"}
{"message":"::1 - - [09/Dec/2020:23:57:35 +0000] \"GET /docs/ HTTP/1.1\" 200 -\n","level":"info","service":"user-service"}
{"message":"::1 - - [10/Dec/2020:00:02:02 +0000] \"GET /docs/output.html HTTP/1.1\" 404 155\n","level":"info","service":"user-service"}
{"message":"::1 - - [10/Dec/2020:00:02:18 +0000] \"GET / HTTP/1.1\" 404 139\n","level":"info","service":"user-service"}
{"message":"::1 - - [10/Dec/2020:02:04:40 +0000] \"GET /tuss/55555 HTTP/1.1\" 500 43\n","level":"info","service":"user-service"}
{"message":"::1 - - [10/Dec/2020:02:05:04 +0000] \"GET /tuss/55555 HTTP/1.1\" 500 43\n","level":"info","service":"user-service"}
{"message":"::1 - - [10/Dec/2020:13:15:27 +0000] \"GET /tuss/55555 HTTP/1.1\" 500 43\n","level":"info","service":"user-service"}
{"message":"::1 - - [10/Dec/2020:13:15:29 +0000] \"GET /tuss/55555 HTTP/1.1\" 500 43\n","level":"info","service":"user-service"}
{"message":"::1 - - [10/Dec/2020:13:15:47 +0000] \"GET /tuss/55555 HTTP/1.1\" 500 43\n","level":"info","service":"user-service"}
{"message":"::ffff:127.0.0.1 - - [10/Dec/2020:13:16:56 +0000] \"GET /tuss/55555 HTTP/1.1\" 500 43\n","level":"info","service":"user-service"}
{"message":"::ffff:127.0.0.1 - - [10/Dec/2020:13:16:58 +0000] \"GET /tuss/55555 HTTP/1.1\" 500 43\n","level":"info","service":"user-service"}
{"message":"::1 - - [10/Dec/2020:13:17:31 +0000] \"GET /tuss/55555 HTTP/1.1\" - -\n","level":"info","service":"user-service"}
{"message":"::1 - - [10/Dec/2020:13:17:55 +0000] \"GET /tuss/55555 HTTP/1.1\" 500 43\n","level":"info","service":"user-service"}
{"message":"::1 - - [10/Dec/2020:13:18:40 +0000] \"GET /tuss/55555 HTTP/1.1\" 500 43\n","level":"info","service":"user-service"}
{"message":"::1 - - [10/Dec/2020:13:18:57 +0000] \"GET /tuss/55555 HTTP/1.1\" 500 43\n","level":"info","service":"user-service"}
{"message":"::1 - - [10/Dec/2020:13:19:29 +0000] \"GET /tuss/55555 HTTP/1.1\" 500 43\n","level":"info","service":"user-service"}
{"message":"::1 - - [10/Dec/2020:13:19:31 +0000] \"GET /tuss/55555 HTTP/1.1\" 500 43\n","level":"info","service":"user-service"}
{"message":"::1 - - [10/Dec/2020:13:20:03 +0000] \"GET /tuss/55555 HTTP/1.1\" 404 41\n","level":"info","service":"user-service"}
{"message":"::1 - - [10/Dec/2020:13:20:09 +0000] \"GET /tuss/55555 HTTP/1.1\" 404 41\n","level":"info","service":"user-service"}
{"message":"::1 - - [10/Dec/2020:13:39:54 +0000] \"GET /tuss/55555 HTTP/1.1\" 404 41\n","level":"info","service":"user-service"}
{"message":"::1 - - [10/Dec/2020:13:43:12 +0000] \"POST /tuss/ HTTP/1.1\" 201 -\n","level":"info","service":"user-service"}
{"message":"::1 - - [10/Dec/2020:13:45:54 +0000] \"POST /tuss/ HTTP/1.1\" 201 -\n","level":"info","service":"user-service"}
{"message":"::1 - - [10/Dec/2020:13:53:44 +0000] \"POST /tuss/ HTTP/1.1\" 201 -\n","level":"info","service":"user-service"}
{"message":"::1 - - [10/Dec/2020:13:53:51 +0000] \"GET /tuss/12345 HTTP/1.1\" 404 41\n","level":"info","service":"user-service"}
{"message":"::1 - - [10/Dec/2020:13:53:57 +0000] \"GET /tuss/12345 HTTP/1.1\" 404 41\n","level":"info","service":"user-service"}
{"message":"::1 - - [10/Dec/2020:13:53:58 +0000] \"GET /tuss/12345 HTTP/1.1\" 404 41\n","level":"info","service":"user-service"}
{"message":"::1 - - [10/Dec/2020:13:54:39 +0000] \"GET /tuss/12345 HTTP/1.1\" 404 41\n","level":"info","service":"user-service"}
{"message":"::1 - - [10/Dec/2020:13:54:41 +0000] \"GET /tuss/12345 HTTP/1.1\" 404 41\n","level":"info","service":"user-service"}
{"message":"::1 - - [10/Dec/2020:13:55:02 +0000] \"GET /tuss/12345 HTTP/1.1\" 404 41\n","level":"info","service":"user-service"}
{"message":"::ffff:127.0.0.1 - - [10/Dec/2020:13:57:08 +0000] \"GET /tuss/12345 HTTP/1.1\" 200 76\n","level":"info","service":"user-service"}
{"message":"::1 - - [10/Dec/2020:13:58:04 +0000] \"GET /tuss/12345 HTTP/1.1\" 200 76\n","level":"info","service":"user-service"}
{"message":"::1 - - [10/Dec/2020:13:58:07 +0000] \"GET /tuss/12 HTTP/1.1\" 404 41\n","level":"info","service":"user-service"}
{"message":"::ffff:127.0.0.1 - - [10/Dec/2020:14:00:00 +0000] \"GET /tuss/ HTTP/1.1\" 404 144\n","level":"info","service":"user-service"}
{"message":"::1 - - [10/Dec/2020:14:00:06 +0000] \"GET /tuss/12345 HTTP/1.1\" 200 76\n","level":"info","service":"user-service"}
{"message":"::1 - - [10/Dec/2020:14:01:27 +0000] \"GET /tuss/12345 HTTP/1.1\" 200 67\n","level":"info","service":"user-service"}
{"message":"::1 - - [10/Dec/2020:14:02:06 +0000] \"GET /tuss/1234 HTTP/1.1\" 404 41\n","level":"info","service":"user-service"}
{"message":"::1 - - [10/Dec/2020:14:02:09 +0000] \"GET /tuss/12345 HTTP/1.1\" 200 67\n","level":"info","service":"user-service"}
{"message":"::1 - - [10/Dec/2020:14:03:54 +0000] \"POST /tuss/ HTTP/1.1\" 400 48\n","level":"info","service":"user-service"}
{"message":"::1 - - [10/Dec/2020:14:04:28 +0000] \"POST /tuss/ HTTP/1.1\" 400 48\n","level":"info","service":"user-service"}
{"message":"::1 - - [10/Dec/2020:14:08:42 +0000] \"POST /tuss/ HTTP/1.1\" 500 43\n","level":"info","service":"user-service"}
{"message":"::1 - - [10/Dec/2020:14:09:09 +0000] \"POST /tuss/ HTTP/1.1\" 500 43\n","level":"info","service":"user-service"}
{"message":"::1 - - [10/Dec/2020:14:09:34 +0000] \"POST /tuss/ HTTP/1.1\" 500 43\n","level":"info","service":"user-service"}
{"message":"::1 - - [10/Dec/2020:14:10:11 +0000] \"POST /tuss/ HTTP/1.1\" 500 43\n","level":"info","service":"user-service"}
{"message":"::1 - - [10/Dec/2020:14:10:31 +0000] \"POST /tuss/ HTTP/1.1\" 500 43\n","level":"info","service":"user-service"}
{"message":"::1 - - [10/Dec/2020:14:11:32 +0000] \"POST /tuss/ HTTP/1.1\" 500 43\n","level":"info","service":"user-service"}
{"message":"::1 - - [10/Dec/2020:14:11:37 +0000] \"POST /tuss/ HTTP/1.1\" 500 43\n","level":"info","service":"user-service"}
{"message":"::1 - - [10/Dec/2020:14:12:13 +0000] \"POST /tuss/ HTTP/1.1\" 500 43\n","level":"info","service":"user-service"}
{"message":"::1 - - [10/Dec/2020:14:13:10 +0000] \"POST /tuss/ HTTP/1.1\" 500 43\n","level":"info","service":"user-service"}
{"message":"::1 - - [10/Dec/2020:14:13:26 +0000] \"POST /tuss/ HTTP/1.1\" 500 43\n","level":"info","service":"user-service"}
{"message":"::1 - - [10/Dec/2020:14:13:34 +0000] \"POST /tuss/ HTTP/1.1\" 500 43\n","level":"info","service":"user-service"}
{"message":"::1 - - [10/Dec/2020:14:13:54 +0000] \"POST /tuss/ HTTP/1.1\" 500 43\n","level":"info","service":"user-service"}
{"message":"::1 - - [10/Dec/2020:14:14:09 +0000] \"POST /tuss/ HTTP/1.1\" 500 43\n","level":"info","service":"user-service"}
{"message":"::1 - - [10/Dec/2020:14:15:03 +0000] \"POST /tuss/ HTTP/1.1\" 500 43\n","level":"info","service":"user-service"}
{"message":"::1 - - [10/Dec/2020:14:17:16 +0000] \"POST /tuss/ HTTP/1.1\" 500 43\n","level":"info","service":"user-service"}
{"message":"::1 - - [10/Dec/2020:14:17:36 +0000] \"POST /tuss/ HTTP/1.1\" 500 43\n","level":"info","service":"user-service"}
{"message":"::1 - - [10/Dec/2020:14:17:54 +0000] \"POST /tuss/ HTTP/1.1\" 500 43\n","level":"info","service":"user-service"}
{"message":"::1 - - [10/Dec/2020:14:18:30 +0000] \"POST /tuss/ HTTP/1.1\" 201 -\n","level":"info","service":"user-service"}
{"message":"::1 - - [10/Dec/2020:14:22:44 +0000] \"POST /tuss/ HTTP/1.1\" 201 -\n","level":"info","service":"user-service"}
{"message":"::1 - - [10/Dec/2020:14:25:42 +0000] \"GET /tuss/10101039 HTTP/1.1\" 200 87\n","level":"info","service":"user-service"}
{"message":"::ffff:127.0.0.1 - - [10/Dec/2020:14:30:03 +0000] \"GET /tuss/10101039 HTTP/1.1\" 200 87\n","level":"info","service":"user-service"}
{"message":"::ffff:127.0.0.1 - - [10/Dec/2020:14:30:05 +0000] \"GET /tuss/10101039 HTTP/1.1\" 200 87\n","level":"info","service":"user-service"}
{"message":"::1 - - [10/Dec/2020:14:32:35 +0000] \"GET /tuss/46000017 HTTP/1.1\" 404 41\n","level":"info","service":"user-service"}
{"message":"::1 - - [10/Dec/2020:14:32:39 +0000] \"GET /tuss/46000016 HTTP/1.1\" 404 41\n","level":"info","service":"user-service"}
{"message":"::1 - - [10/Dec/2020:14:32:41 +0000] \"GET /tuss/46000018 HTTP/1.1\" 404 41\n","level":"info","service":"user-service"}
{"message":"::1 - - [10/Dec/2020:14:40:09 +0000] \"GET /tuss/ HTTP/1.1\" 404 144\n","level":"info","service":"user-service"}
{"message":"::1 - - [10/Dec/2020:14:40:18 +0000] \"GET / HTTP/1.1\" 404 223\n","level":"info","service":"user-service"}
{"message":"::ffff:127.0.0.1 - - [10/Dec/2020:14:40:57 +0000] \"GET / HTTP/1.1\" 200 35276\n","level":"info","service":"user-service"}
{"message":"::1 - - [10/Dec/2020:14:41:20 +0000] \"GET / HTTP/1.1\" 200 -\n","level":"info","service":"user-service"}
{"message":"::1 - - [10/Dec/2020:14:41:21 +0000] \"GET /favicon.ico HTTP/1.1\" 404 150\n","level":"info","service":"user-service"}
{"message":"::1 - - [10/Dec/2020:15:08:31 +0000] \"GET / HTTP/1.1\" 304 -\n","level":"info","service":"user-service"}
{"message":"::1 - - [10/Dec/2020:15:08:57 +0000] \"GET /tuss?page=20 HTTP/1.1\" 404 143\n","level":"info","service":"user-service"}
{"message":"::1 - - [10/Dec/2020:15:09:12 +0000] \"GET /tuss?page=20 HTTP/1.1\" 404 143\n","level":"info","service":"user-service"}
{"message":"::1 - - [10/Dec/2020:15:09:13 +0000] \"GET /tuss?page=20 HTTP/1.1\" 404 143\n","level":"info","service":"user-service"}
{"message":"::ffff:127.0.0.1 - - [10/Dec/2020:15:09:28 +0000] \"GET /tuss/?page=20 HTTP/1.1\" 404 144\n","level":"info","service":"user-service"}
{"message":"::1 - - [10/Dec/2020:15:11:19 +0000] \"GET /tuss?page=20 HTTP/1.1\" 404 143\n","level":"info","service":"user-service"}
{"message":"::1 - - [10/Dec/2020:15:15:27 +0000] \"GET /tuss/paginate?page=20 HTTP/1.1\" 404 41\n","level":"info","service":"user-service"}
{"message":"::1 - - [10/Dec/2020:15:15:33 +0000] \"GET /tuss/paginate?page=1 HTTP/1.1\" 404 41\n","level":"info","service":"user-service"}
{"message":"::1 - - [10/Dec/2020:15:15:54 +0000] \"GET /tuss/paginate?page=1 HTTP/1.1\" 404 41\n","level":"info","service":"user-service"}
{"message":"::1 - - [10/Dec/2020:15:15:59 +0000] \"GET /tuss/paginate?page=1 HTTP/1.1\" 404 41\n","level":"info","service":"user-service"}
{"message":"::1 - - [10/Dec/2020:15:16:18 +0000] \"GET /tuss/paginate?page=1 HTTP/1.1\" 404 41\n","level":"info","service":"user-service"}
{"message":"::1 - - [10/Dec/2020:15:16:20 +0000] \"GET /tuss/paginate?page=1 HTTP/1.1\" 404 41\n","level":"info","service":"user-service"}
{"message":"::1 - - [10/Dec/2020:15:16:46 +0000] \"GET /tuss/paginate?page=1 HTTP/1.1\" 404 41\n","level":"info","service":"user-service"}
{"message":"::1 - - [10/Dec/2020:15:16:49 +0000] \"GET /tuss/paginate?page=1 HTTP/1.1\" 404 41\n","level":"info","service":"user-service"}
{"message":"::1 - - [10/Dec/2020:15:17:02 +0000] \"GET /tuss/paginate?page=1 HTTP/1.1\" 404 41\n","level":"info","service":"user-service"}
{"message":"::1 - - [10/Dec/2020:15:17:48 +0000] \"GET /tuss/paginate?page=1 HTTP/1.1\" 404 41\n","level":"info","service":"user-service"}
{"message":"::1 - - [10/Dec/2020:15:18:10 +0000] \"GET /tuss/paginate?page=1 HTTP/1.1\" - -\n","level":"info","service":"user-service"}
{"message":"::1 - - [10/Dec/2020:15:18:11 +0000] \"GET /tuss/paginate?page=1 HTTP/1.1\" 404 41\n","level":"info","service":"user-service"}
{"message":"::1 - - [10/Dec/2020:15:18:15 +0000] \"GET /tuss/paginate?page=1 HTTP/1.1\" 404 41\n","level":"info","service":"user-service"}
{"message":"::ffff:127.0.0.1 - - [10/Dec/2020:15:18:43 +0000] \"GET /tuss/paginate?page=1 HTTP/1.1\" 404 41\n","level":"info","service":"user-service"}
{"message":"::ffff:127.0.0.1 - - [10/Dec/2020:15:18:46 +0000] \"GET /tuss/paginate?page=1 HTTP/1.1\" 404 41\n","level":"info","service":"user-service"}
{"message":"::1 - - [10/Dec/2020:15:19:07 +0000] \"GET /tuss/paginate?page=1 HTTP/1.1\" 404 41\n","level":"info","service":"user-service"}
{"message":"::1 - - [10/Dec/2020:15:19:35 +0000] \"GET /tuss/paginate?page=1 HTTP/1.1\" 404 41\n","level":"info","service":"user-service"}
{"message":"::1 - - [10/Dec/2020:15:20:06 +0000] \"GET /tuss/paginate?page=1 HTTP/1.1\" 404 41\n","level":"info","service":"user-service"}
{"message":"::1 - - [10/Dec/2020:15:20:33 +0000] \"GET /tuss/paginate?page=1 HTTP/1.1\" 404 41\n","level":"info","service":"user-service"}
{"message":"::1 - - [10/Dec/2020:15:20:36 +0000] \"GET /tuss/paginate?page=1 HTTP/1.1\" 404 41\n","level":"info","service":"user-service"}
{"message":"::1 - - [10/Dec/2020:15:20:40 +0000] \"GET /tuss/paginate?page=1 HTTP/1.1\" 404 41\n","level":"info","service":"user-service"}
{"message":"::1 - - [10/Dec/2020:15:21:07 +0000] \"GET /tuss/paginate?page=1 HTTP/1.1\" 404 41\n","level":"info","service":"user-service"}
{"message":"::1 - - [10/Dec/2020:15:21:32 +0000] \"GET /tuss/paginate?page=1 HTTP/1.1\" 404 41\n","level":"info","service":"user-service"}
{"message":"::1 - - [10/Dec/2020:15:22:14 +0000] \"GET /tuss/paginate?page=1 HTTP/1.1\" 500 1730\n","level":"info","service":"user-service"}
{"message":"::1 - - [10/Dec/2020:15:22:16 +0000] \"GET /tuss/paginate?page=1 HTTP/1.1\" 500 1730\n","level":"info","service":"user-service"}
{"message":"::1 - - [10/Dec/2020:15:22:33 +0000] \"GET /tuss/paginate?page=1 HTTP/1.1\" 404 152\n","level":"info","service":"user-service"}
{"message":"::1 - - [10/Dec/2020:15:23:12 +0000] \"GET /tuss/paginate?page=1 HTTP/1.1\" 404 152\n","level":"info","service":"user-service"}
{"message":"::1 - - [10/Dec/2020:15:23:16 +0000] \"GET /tuss/paginate/?page=1 HTTP/1.1\" 404 153\n","level":"info","service":"user-service"}
{"message":"::1 - - [10/Dec/2020:15:23:30 +0000] \"GET /tuss/paginate/1 HTTP/1.1\" 400 47\n","level":"info","service":"user-service"}
{"message":"::ffff:127.0.0.1 - - [10/Dec/2020:15:23:49 +0000] \"GET /tuss/paginate/1 HTTP/1.1\" 200 3317\n","level":"info","service":"user-service"}
{"message":"::1 - - [10/Dec/2020:15:25:36 +0000] \"GET /tuss/paginate/page=1 HTTP/1.1\" 404 159\n","level":"info","service":"user-service"}
{"message":"::1 - - [10/Dec/2020:15:25:52 +0000] \"GET /tuss/paginate?page=1 HTTP/1.1\" 404 152\n","level":"info","service":"user-service"}
{"message":"::ffff:127.0.0.1 - - [10/Dec/2020:15:26:51 +0000] \"GET /tuss/paginate?page=1 HTTP/1.1\" 200 3317\n","level":"info","service":"user-service"}
{"message":"::1 - - [10/Dec/2020:15:30:26 +0000] \"GET /tuss/paginate?page=1 HTTP/1.1\" 200 55\n","level":"info","service":"user-service"}
{"message":"::1 - - [10/Dec/2020:15:30:35 +0000] \"GET /tuss/paginate?page=1 HTTP/1.1\" 200 55\n","level":"info","service":"user-service"}
{"message":"::1 - - [10/Dec/2020:15:31:11 +0000] \"GET /tuss/paginate?page=1 HTTP/1.1\" 200 55\n","level":"info","service":"user-service"}
{"message":"::1 - - [10/Dec/2020:15:31:35 +0000] \"GET /tuss/paginate?page=1 HTTP/1.1\" 200 3330\n","level":"info","service":"user-service"}
{"message":"::1 - - [10/Dec/2020:15:32:16 +0000] \"GET /tuss/paginate?page=1 HTTP/1.1\" 200 3158\n","level":"info","service":"user-service"}
{"message":"::1 - - [10/Dec/2020:15:32:40 +0000] \"GET /tuss/paginate?page=1 HTTP/1.1\" 200 41\n","level":"info","service":"user-service"}
{"message":"::1 - - [10/Dec/2020:15:32:50 +0000] \"GET /tuss/paginate?page=1 HTTP/1.1\" 200 41\n","level":"info","service":"user-service"}
{"message":"::1 - - [10/Dec/2020:15:33:03 +0000] \"GET /tuss/paginate?page=1 HTTP/1.1\" 200 26\n","level":"info","service":"user-service"}
{"message":"::ffff:127.0.0.1 - - [10/Dec/2020:15:33:21 +0000] \"GET /tuss/paginate?page=1 HTTP/1.1\" 200 3317\n","level":"info","service":"user-service"}
{"message":"::1 - - [10/Dec/2020:15:35:02 +0000] \"GET /tuss/paginate?page=1&limit=5 HTTP/1.1\" 200 1536\n","level":"info","service":"user-service"}
{"message":"::ffff:127.0.0.1 - - [10/Dec/2020:15:35:26 +0000] \"GET /tuss/paginate?page=1&limit=5 HTTP/1.1\" 200 1536\n","level":"info","service":"user-service"}
{"message":"::1 - - [10/Dec/2020:15:36:49 +0000] \"GET /tuss/paginate?page=1&limit=5 HTTP/1.1\" 200 698\n","level":"info","service":"user-service"}
{"message":"::1 - - [10/Dec/2020:15:37:51 +0000] \"GET /tuss/paginate?page=1&limit=5 HTTP/1.1\" 200 698\n","level":"info","service":"user-service"}
{"message":"::1 - - [10/Dec/2020:15:43:33 +0000] \"GET /tuss/paginate?page=1&limit=3 HTTP/1.1\" 200 475\n","level":"info","service":"user-service"}
{"message":"::1 - - [10/Dec/2020:15:43:38 +0000] \"GET /tuss/paginate?page=1&limit=0 HTTP/1.1\" 200 1526\n","level":"info","service":"user-service"}
{"message":"::1 - - [10/Dec/2020:15:44:59 +0000] \"GET /tuss/paginate?page=1&limit=5 HTTP/1.1\" 200 698\n","level":"info","service":"user-service"}
{"message":"::1 - - [10/Dec/2020:15:46:05 +0000] \"GET /tuss/paginate?page=1 HTTP/1.1\" 200 1526\n","level":"info","service":"user-service"}
{"message":"::ffff:127.0.0.1 - - [10/Dec/2020:15:49:36 +0000] \"GET /tuss/paginate?page=1 HTTP/1.1\" 200 2\n","level":"info","service":"user-service"}
{"message":"::1 - - [10/Dec/2020:15:49:54 +0000] \"GET /tuss/paginate?page=1 HTTP/1.1\" 200 11\n","level":"info","service":"user-service"}
{"message":"::ffff:127.0.0.1 - - [10/Dec/2020:15:50:11 +0000] \"GET /tuss/paginate?page=1 HTTP/1.1\" 200 1386\n","level":"info","service":"user-service"}
{"message":"::1 - - [10/Dec/2020:15:51:02 +0000] \"GET /tuss/paginate?page=1 HTTP/1.1\" 200 35\n","level":"info","service":"user-service"}
{"message":"::1 - - [10/Dec/2020:15:57:05 +0000] \"GET /tuss/paginate?page=1 HTTP/1.1\" 200 41\n","level":"info","service":"user-service"}
{"message":"::1 - - [10/Dec/2020:15:57:08 +0000] \"GET /tuss/paginate?page=1 HTTP/1.1\" 200 41\n","level":"info","service":"user-service"}
{"message":"::1 - - [10/Dec/2020:15:57:31 +0000] \"GET /tuss/paginate?page=1 HTTP/1.1\" 200 41\n","level":"info","service":"user-service"}
{"message":"::1 - - [10/Dec/2020:15:57:58 +0000] \"GET /tuss/paginate?page=1&limit=5 HTTP/1.1\" 200 41\n","level":"info","service":"user-service"}
{"message":"::1 - - [10/Dec/2020:15:58:11 +0000] \"GET /tuss/paginate?page=1&limit=5 HTTP/1.1\" 200 698\n","level":"info","service":"user-service"}
{"message":"::1 - - [10/Dec/2020:15:58:25 +0000] \"GET /tuss/paginate?page=1&limit=5 HTTP/1.1\" 200 698\n","level":"info","service":"user-service"}
{"message":"::1 - - [10/Dec/2020:15:58:49 +0000] \"GET /tuss/paginate?page=1&limit=5 HTTP/1.1\" 200 549\n","level":"info","service":"user-service"}
{"message":"::1 - - [10/Dec/2020:16:00:57 +0000] \"GET /tuss/paginate?page=1&limit=5 HTTP/1.1\" - -\n","level":"info","service":"user-service"}
{"message":"::1 - - [10/Dec/2020:16:00:59 +0000] \"GET /tuss/paginate?page=1&limit=5 HTTP/1.1\" 200 595\n","level":"info","service":"user-service"}
{"message":"::1 - - [10/Dec/2020:16:02:34 +0000] \"GET /tuss/paginate?page=1&limit=5 HTTP/1.1\" 200 550\n","level":"info","service":"user-service"}
{"message":"::1 - - [10/Dec/2020:16:03:32 +0000] \"GET /tuss/paginate?page=1&limit=3 HTTP/1.1\" 200 345\n","level":"info","service":"user-service"}
{"message":"::1 - - [10/Dec/2020:16:03:49 +0000] \"GET /tuss/paginate?page=1&limit=10 HTTP/1.1\" 200 1333\n","level":"info","service":"user-service"}
{"message":"::1 - - [10/Dec/2020:16:03:57 +0000] \"GET /tuss/paginate?page=1&limit=1 HTTP/1.1\" 200 173\n","level":"info","service":"user-service"}
{"message":"::1 - - [10/Dec/2020:16:04:10 +0000] \"GET /tuss/paginate?page=1&limit=0 HTTP/1.1\" 200 1333\n","level":"info","service":"user-service"}
{"message":"::1 - - [10/Dec/2020:16:04:20 +0000] \"GET /tuss/paginate?page=1&limit=100 HTTP/1.1\" 200 12849\n","level":"info","service":"user-service"}
{"message":"::1 - - [10/Dec/2020:16:04:29 +0000] \"GET /tuss/paginate?page=1&limit=1000 HTTP/1.1\" 200 114189\n","level":"info","service":"user-service"}
